<?xml version="1.0" encoding="UTF-8"?>
<!-- Generated by org.testng.reporters.JUnitReportReporter -->
<testsuite hostname="DESKTOP-1BJBVLU" failures="0" tests="1" name="selenium.Browser" time="11.439" errors="0" timestamp="2022-09-08T10:21:09 EDT" skipped="0">
  <testcase classname="selenium.Browser" name="googlesearch" time="11.439"/>
  <system-out/>
</testsuite> <!-- selenium.Browser -->
