<?xml version="1.0" encoding="UTF-8"?>
<!-- Generated by org.testng.reporters.JUnitReportReporter -->
<testsuite hostname="DESKTOP-1BJBVLU" failures="0" tests="1" name="selenium.dynamicEnabledandDisabled" time="0.396" errors="0" timestamp="2022-09-21T15:58:55 EDT" skipped="0">
  <testcase classname="selenium.dynamicEnabledandDisabled" name="dycontrols" time="0.396"/>
  <system-out/>
</testsuite> <!-- selenium.dynamicEnabledandDisabled -->
