<?xml version="1.0" encoding="UTF-8"?>
<!-- Generated by org.testng.reporters.JUnitReportReporter -->
<testsuite hostname="DESKTOP-1BJBVLU" failures="0" tests="2" name="selenium.WebTableElement" time="3.186" errors="0" timestamp="2022-09-21T16:07:43 EDT" skipped="0">
  <testcase classname="selenium.WebTableElement" name="WebElement2" time="1.383"/>
  <system-out/>
  <testcase classname="selenium.WebTableElement" name="Webelement1" time="1.803"/>
  <system-out/>
</testsuite> <!-- selenium.WebTableElement -->
